<?xml version="1.0" encoding="utf-8"?><testsuites name="pytest tests"><testsuite name="pytest" errors="0" failures="0" skipped="0" tests="20" time="27.828" timestamp="2026-04-17T05:29:25.411401+00:00" hostname="agent-env-1e688908-6b5e-4c97-9c54-e9f2e07f1caa"><testcase classname="backend.tests.test_v3_features.TestAuth" name="test_login_success" time="0.682" /><testcase classname="backend.tests.test_v3_features.TestTaxSettings" name="test_get_tax_settings_default" time="1.028" /><testcase classname="backend.tests.test_v3_features.TestTaxSettings" name="test_update_tax_settings" time="2.619" /><testcase classname="backend.tests.test_v3_features.TestProductAttributes" name="test_get_product_attributes" time="0.936" /><testcase classname="backend.tests.test_v3_features.TestProductAttributes" name="test_create_product_attribute" time="0.796" /><testcase classname="backend.tests.test_v3_features.TestProductVariants" name="test_get_product_variants" time="1.060" /><testcase classname="backend.tests.test_v3_features.TestProductVariants" name="test_create_product_variant" time="2.272" /><testcase classname="backend.tests.test_v3_features.TestDashboardAnalytics" name="test_dashboard_stats" time="2.267" /><testcase classname="backend.tests.test_v3_features.TestDashboardAnalytics" name="test_dashboard_analytics_7d" time="2.445" /><testcase classname="backend.tests.test_v3_features.TestDashboardAnalytics" name="test_dashboard_analytics_30d" time="2.399" /><testcase classname="backend.tests.test_v3_features.TestDashboardAnalytics" name="test_dashboard_analytics_with_location" time="1.391" /><testcase classname="backend.tests.test_v3_features.TestShiftReconciliation" name="test_get_shifts" time="0.963" /><testcase classname="backend.tests.test_v3_features.TestShiftReconciliation" name="test_open_shift" time="1.376" /><testcase classname="backend.tests.test_v3_features.TestShiftReconciliation" name="test_get_current_shift" time="0.873" /><testcase classname="backend.tests.test_v3_features.TestShiftReconciliation" name="test_close_shift" time="2.058" /><testcase classname="backend.tests.test_v3_features.TestPettyCash" name="test_create_petty_cash" time="1.342" /><testcase classname="backend.tests.test_v3_features.TestPettyCash" name="test_get_petty_cash" time="0.357" /><testcase classname="backend.tests.test_v3_features.TestMigrations" name="test_get_migration_status" time="0.944" /><testcase classname="backend.tests.test_v3_features.TestLocations" name="test_get_locations" time="0.940" /><testcase classname="backend.tests.test_v3_features.TestUsers" name="test_get_users_with_location" time="0.975" /></testsuite></testsuites>