<?xml version="1.0" encoding="utf-8"?><testsuites name="pytest tests"><testsuite name="pytest" errors="0" failures="0" skipped="0" tests="18" time="30.711" timestamp="2026-04-17T06:30:13.851147+00:00" hostname="agent-env-1e688908-6b5e-4c97-9c54-e9f2e07f1caa"><testcase classname="tests.test_setup_wizard.TestSetupStatus" name="test_setup_status_returns_configured" time="0.873" /><testcase classname="tests.test_setup_wizard.TestSetupBlocking" name="test_setup_initialize_returns_403_when_configured" time="0.105" /><testcase classname="tests.test_setup_wizard.TestSetupBlocking" name="test_create_admin_returns_400_when_admin_exists" time="0.346" /><testcase classname="tests.test_setup_wizard.TestHealthEndpoint" name="test_health_returns_healthy" time="0.366" /><testcase classname="tests.test_setup_wizard.TestAuthWithCredentials" name="test_login_with_admin_credentials" time="0.584" /><testcase classname="tests.test_setup_wizard.TestAuthWithCredentials" name="test_login_with_wrong_credentials" time="0.356" /><testcase classname="tests.test_setup_wizard.TestSetupCheck" name="test_setup_check_all_tables_ready" time="6.140" /><testcase classname="tests.test_setup_wizard.TestDynamicBranding" name="test_settings_endpoint_returns_business_name" time="1.202" /><testcase classname="tests.test_setup_wizard.TestCoreAPIEndpoints" name="test_dashboard_stats" time="2.188" /><testcase classname="tests.test_setup_wizard.TestCoreAPIEndpoints" name="test_products_endpoint" time="0.929" /><testcase classname="tests.test_setup_wizard.TestCoreAPIEndpoints" name="test_inventory_endpoint" time="1.197" /><testcase classname="tests.test_setup_wizard.TestCoreAPIEndpoints" name="test_locations_endpoint" time="10.636" /><testcase classname="tests.test_setup_wizard.TestCoreAPIEndpoints" name="test_sales_endpoint" time="0.961" /><testcase classname="tests.test_setup_wizard.TestCoreAPIEndpoints" name="test_users_endpoint" time="0.951" /><testcase classname="tests.test_setup_wizard.TestCoreAPIEndpoints" name="test_migrations_status" time="0.932" /><testcase classname="tests.test_setup_wizard.TestCoreAPIEndpoints" name="test_tax_settings" time="0.943" /><testcase classname="tests.test_setup_wizard.TestCoreAPIEndpoints" name="test_product_attributes" time="0.957" /><testcase classname="tests.test_setup_wizard.TestCoreAPIEndpoints" name="test_shifts_endpoint" time="0.957" /></testsuite></testsuites>